#! /usr/local/bin/vvp
:ivl_version "11.0 (devel)" "(s20150603-841-gcf44f05c)";
:ivl_delay_selection "TYPICAL";
:vpi_time_precision + 0;
:vpi_module "/usr/local/lib/ivl/system.vpi";
:vpi_module "/usr/local/lib/ivl/vhdl_sys.vpi";
:vpi_module "/usr/local/lib/ivl/vhdl_textio.vpi";
:vpi_module "/usr/local/lib/ivl/v2005_math.vpi";
:vpi_module "/usr/local/lib/ivl/va_math.vpi";
S_0x5566b461f950 .scope module, "rob" "rob" 2 24;
 .timescale 0 0;
    .port_info 0 /INPUT 1 "clk";
    .port_info 1 /INPUT 4 "MajorOpcode_in";
    .port_info 2 /INPUT 5 "Source1_in";
    .port_info 3 /INPUT 5 "Source2_in";
    .port_info 4 /INPUT 2 "OffsetScale_in";
    .port_info 5 /INPUT 5 "Destination_in";
    .port_info 6 /INPUT 4 "MinorOpcode_in";
    .port_info 7 /INPUT 1 "HasAddress_in";
    .port_info 8 /INPUT 48 "Address_in";
    .port_info 9 /INPUT 1 "OffsetSub_in";
    .port_info 10 /INPUT 3 "data_entry";
    .port_info 11 /INPUT 1 "data_ready";
    .port_info 12 /INPUT 64 "Data_in";
    .port_info 13 /INPUT 1 "commit_ready";
    .port_info 14 /OUTPUT 1 "commit_ready_reg";
    .port_info 15 /OUTPUT 1 "commit_ready_mem";
    .port_info 16 /OUTPUT 64 "Data";
    .port_info 17 /OUTPUT 5 "Destination_out";
    .port_info 18 /OUTPUT 1 "HasAddress_out";
    .port_info 19 /OUTPUT 48 "Address_out";
    .port_info 20 /OUTPUT 3 "Entry_num";
    .port_info 21 /OUTPUT 1 "stall_out";
o0x7f3670bb6018 .functor BUFZ 48, C4<zzzzzzzzzzzzzzzzzzzzzzzzzzzzzzzzzzzzzzzzzzzzzzzz>; HiZ drive
v0x5566b464a9b0_0 .net "Address_in", 47 0, o0x7f3670bb6018;  0 drivers
v0x5566b467a5e0_0 .var "Address_out", 47 0;
v0x5566b467a6c0_0 .var "Data", 63 0;
o0x7f3670bb60a8 .functor BUFZ 64, C4<zzzzzzzzzzzzzzzzzzzzzzzzzzzzzzzzzzzzzzzzzzzzzzzzzzzzzzzzzzzzzzzz>; HiZ drive
v0x5566b467a780_0 .net "Data_in", 63 0, o0x7f3670bb60a8;  0 drivers
o0x7f3670bb60d8 .functor BUFZ 5, C4<zzzzz>; HiZ drive
v0x5566b467a860_0 .net "Destination_in", 4 0, o0x7f3670bb60d8;  0 drivers
v0x5566b467a940_0 .var "Destination_out", 4 0;
v0x5566b467aa20_0 .var "Entry_num", 2 0;
o0x7f3670bb6168 .functor BUFZ 1, C4<z>; HiZ drive
v0x5566b467ab00_0 .net "HasAddress_in", 0 0, o0x7f3670bb6168;  0 drivers
v0x5566b467abc0_0 .var "HasAddress_out", 0 0;
o0x7f3670bb61c8 .functor BUFZ 4, C4<zzzz>; HiZ drive
v0x5566b467ac80_0 .net "MajorOpcode_in", 3 0, o0x7f3670bb61c8;  0 drivers
o0x7f3670bb61f8 .functor BUFZ 4, C4<zzzz>; HiZ drive
v0x5566b467ad60_0 .net "MinorOpcode_in", 3 0, o0x7f3670bb61f8;  0 drivers
o0x7f3670bb6228 .functor BUFZ 2, C4<zz>; HiZ drive
v0x5566b467ae40_0 .net "OffsetScale_in", 1 0, o0x7f3670bb6228;  0 drivers
o0x7f3670bb6258 .functor BUFZ 1, C4<z>; HiZ drive
v0x5566b467af20_0 .net "OffsetSub_in", 0 0, o0x7f3670bb6258;  0 drivers
o0x7f3670bb6288 .functor BUFZ 5, C4<zzzzz>; HiZ drive
v0x5566b467afe0_0 .net "Source1_in", 4 0, o0x7f3670bb6288;  0 drivers
o0x7f3670bb62b8 .functor BUFZ 5, C4<zzzzz>; HiZ drive
v0x5566b467b0c0_0 .net "Source2_in", 4 0, o0x7f3670bb62b8;  0 drivers
o0x7f3670bb62e8 .functor BUFZ 1, C4<z>; HiZ drive
v0x5566b467b1a0_0 .net "clk", 0 0, o0x7f3670bb62e8;  0 drivers
o0x7f3670bb6318 .functor BUFZ 1, C4<z>; HiZ drive
v0x5566b467b260_0 .net "commit_ready", 0 0, o0x7f3670bb6318;  0 drivers
v0x5566b467b430_0 .var "commit_ready_mem", 0 0;
v0x5566b467b4f0_0 .var "commit_ready_reg", 0 0;
v0x5566b467b5b0_0 .var/i "counter", 31 0;
o0x7f3670bb63d8 .functor BUFZ 3, C4<zzz>; HiZ drive
v0x5566b467b690_0 .net "data_entry", 2 0, o0x7f3670bb63d8;  0 drivers
o0x7f3670bb6408 .functor BUFZ 1, C4<z>; HiZ drive
v0x5566b467b770_0 .net "data_ready", 0 0, o0x7f3670bb6408;  0 drivers
v0x5566b467b830_0 .var/i "end_idx", 31 0;
v0x5566b467b910_0 .var "is_memory_op", 0 0;
v0x5566b467b9d0_0 .var "ready", 0 0;
v0x5566b467ba90 .array "rob", 0 7, 139 0;
v0x5566b467bb50_0 .var "rob_entry", 139 0;
v0x5566b467bc30_0 .var "stall_out", 0 0;
v0x5566b467bcf0_0 .var/i "start_idx", 31 0;
v0x5566b467bdd0_0 .var/i "test", 31 0;
E_0x5566b465adc0 .event posedge, v0x5566b467b1a0_0;
E_0x5566b465d8c0 .event negedge, v0x5566b467b1a0_0;
    .scope S_0x5566b461f950;
T_0 ;
    %pushi/vec4 0, 0, 32;
    %store/vec4 v0x5566b467bcf0_0, 0, 32;
    %pushi/vec4 0, 0, 32;
    %store/vec4 v0x5566b467b830_0, 0, 32;
    %pushi/vec4 0, 0, 32;
    %store/vec4 v0x5566b467b5b0_0, 0, 32;
    %pushi/vec4 0, 0, 1;
    %store/vec4 v0x5566b467b9d0_0, 0, 1;
    %pushi/vec4 0, 0, 32;
    %store/vec4 v0x5566b467bdd0_0, 0, 32;
    %end;
    .thread T_0;
    .scope S_0x5566b461f950;
T_1 ;
    %wait E_0x5566b465d8c0;
    %load/vec4 v0x5566b467b5b0_0;
    %cmpi/e 8, 0, 32;
    %jmp/0xz  T_1.0, 4;
    %pushi/vec4 1, 0, 1;
    %store/vec4 v0x5566b467bc30_0, 0, 1;
    %jmp T_1.1;
T_1.0 ;
    %pushi/vec4 0, 0, 1;
    %store/vec4 v0x5566b467bc30_0, 0, 1;
T_1.1 ;
    %jmp T_1;
    .thread T_1;
    .scope S_0x5566b461f950;
T_2 ;
    %wait E_0x5566b465adc0;
    %load/vec4 v0x5566b467bdd0_0;
    %cmpi/s 5, 0, 32;
    %jmp/0xz  T_2.0, 5;
    %pushi/vec4 0, 0, 32;
    %load/vec4 v0x5566b467b5b0_0;
    %cmp/s;
    %flag_get/vec4 5;
    %ix/getv/s 4, v0x5566b467bcf0_0;
    %load/vec4a v0x5566b467ba90, 4;
    %parti/s 1, 139, 9;
    %pad/u 32;
    %pushi/vec4 1, 0, 32;
    %cmp/e;
    %flag_get/vec4 4;
    %and;
    %flag_set/vec4 8;
    %jmp/0xz  T_2.2, 8;
    %ix/getv/s 4, v0x5566b467bcf0_0;
    %load/vec4a v0x5566b467ba90, 4;
    %store/vec4 v0x5566b467bb50_0, 0, 140;
    %load/vec4 v0x5566b467bb50_0;
    %parti/s 64, 0, 2;
    %store/vec4 v0x5566b467a6c0_0, 0, 64;
    %load/vec4 v0x5566b467bb50_0;
    %parti/s 1, 113, 8;
    %store/vec4 v0x5566b467b910_0, 0, 1;
    %load/vec4 v0x5566b467b910_0;
    %flag_set/vec4 8;
    %jmp/0xz  T_2.4, 8;
    %load/vec4 v0x5566b467bb50_0;
    %parti/s 48, 65, 8;
    %store/vec4 v0x5566b467a5e0_0, 0, 48;
    %pushi/vec4 1, 0, 1;
    %store/vec4 v0x5566b467b430_0, 0, 1;
    %jmp T_2.5;
T_2.4 ;
    %load/vec4 v0x5566b467bb50_0;
    %parti/s 5, 118, 8;
    %store/vec4 v0x5566b467a940_0, 0, 5;
    %pushi/vec4 1, 0, 1;
    %store/vec4 v0x5566b467b4f0_0, 0, 1;
T_2.5 ;
    %load/vec4 v0x5566b467bcf0_0;
    %cmpi/e 7, 0, 32;
    %jmp/0xz  T_2.6, 4;
    %pushi/vec4 0, 0, 32;
    %store/vec4 v0x5566b467bcf0_0, 0, 32;
    %jmp T_2.7;
T_2.6 ;
    %load/vec4 v0x5566b467bcf0_0;
    %addi 1, 0, 32;
    %store/vec4 v0x5566b467bcf0_0, 0, 32;
T_2.7 ;
    %vpi_call 2 100 "$display", "start_idx: %d", v0x5566b467bcf0_0 {0 0 0};
    %load/vec4 v0x5566b467b5b0_0;
    %subi 1, 0, 32;
    %store/vec4 v0x5566b467b5b0_0, 0, 32;
    %vpi_call 2 103 "$display", "counter: %d", v0x5566b467b5b0_0 {0 0 0};
T_2.2 ;
    %load/vec4 v0x5566b467b5b0_0;
    %cmpi/ne 8, 0, 32;
    %jmp/0xz  T_2.8, 4;
    %load/vec4 v0x5566b467b9d0_0;
    %load/vec4 v0x5566b467ac80_0;
    %concat/vec4; draw_concat_vec4
    %load/vec4 v0x5566b467afe0_0;
    %concat/vec4; draw_concat_vec4
    %load/vec4 v0x5566b467b0c0_0;
    %concat/vec4; draw_concat_vec4
    %load/vec4 v0x5566b467ae40_0;
    %concat/vec4; draw_concat_vec4
    %load/vec4 v0x5566b467a860_0;
    %concat/vec4; draw_concat_vec4
    %load/vec4 v0x5566b467ad60_0;
    %concat/vec4; draw_concat_vec4
    %load/vec4 v0x5566b467ab00_0;
    %concat/vec4; draw_concat_vec4
    %load/vec4 v0x5566b464a9b0_0;
    %concat/vec4; draw_concat_vec4
    %load/vec4 v0x5566b467af20_0;
    %concat/vec4; draw_concat_vec4
    %pad/u 140;
    %store/vec4 v0x5566b467bb50_0, 0, 140;
    %vpi_call 2 109 "$display", "rob_entry: %b", v0x5566b467bb50_0 {0 0 0};
    %load/vec4 v0x5566b467bb50_0;
    %ix/getv/s 4, v0x5566b467b830_0;
    %store/vec4a v0x5566b467ba90, 4, 0;
    %vpi_call 2 112 "$display", "rob info: %b", &A<v0x5566b467ba90, v0x5566b467b830_0 > {0 0 0};
    %load/vec4 v0x5566b467b5b0_0;
    %addi 1, 0, 32;
    %store/vec4 v0x5566b467b5b0_0, 0, 32;
    %vpi_call 2 114 "$display", "counter: %d", v0x5566b467b5b0_0 {0 0 0};
    %load/vec4 v0x5566b467b830_0;
    %cmpi/e 7, 0, 32;
    %jmp/0xz  T_2.10, 4;
    %pushi/vec4 0, 0, 32;
    %store/vec4 v0x5566b467b830_0, 0, 32;
    %jmp T_2.11;
T_2.10 ;
    %load/vec4 v0x5566b467b830_0;
    %addi 1, 0, 32;
    %store/vec4 v0x5566b467b830_0, 0, 32;
T_2.11 ;
    %vpi_call 2 122 "$display", "end_idx: %d", v0x5566b467b830_0 {0 0 0};
T_2.8 ;
    %load/vec4 v0x5566b467b770_0;
    %flag_set/vec4 8;
    %jmp/0xz  T_2.12, 8;
    %load/vec4 v0x5566b467a780_0;
    %load/vec4 v0x5566b467b690_0;
    %pad/u 5;
    %ix/vec4 4;
    %flag_mov 8, 4;
    %ix/load 5, 0, 0;
    %flag_set/imm 4, 0;
    %flag_or 4, 8;
    %store/vec4a v0x5566b467ba90, 4, 5;
T_2.12 ;
    %load/vec4 v0x5566b467b260_0;
    %flag_set/vec4 8;
    %jmp/0xz  T_2.14, 8;
    %pushi/vec4 1, 0, 1;
    %load/vec4 v0x5566b467b690_0;
    %pad/u 5;
    %ix/vec4 4;
    %flag_mov 8, 4;
    %ix/load 5, 139, 0;
    %flag_set/imm 4, 0;
    %flag_or 4, 8;
    %store/vec4a v0x5566b467ba90, 4, 5;
T_2.14 ;
    %load/vec4 v0x5566b467bdd0_0;
    %addi 1, 0, 32;
    %store/vec4 v0x5566b467bdd0_0, 0, 32;
T_2.0 ;
    %jmp T_2;
    .thread T_2;
# The file index is used to find the file name in the following table.
:file_names 3;
    "N/A";
    "<interactive>";
    "rob.v";
